<?xml version="1.0" encoding="UTF-8"?>
<testng-results ignored="0" total="1" passed="1" failed="0" skipped="0">
  <reporter-output>
  </reporter-output>
  <suite started-at="2022-12-20T15:21:43 IST" name="Suite" finished-at="2022-12-20T15:23:25 IST" duration-ms="102417">
    <groups>
      <group name="Master">
        <method signature="tripadvisorReview.mainTest()[pri:0, instance:in.tripadvisor.tripadvisorReview@2e005c4b]" name="mainTest" class="in.tripadvisor.tripadvisorReview"/>
      </group> <!-- Master -->
    </groups>
    <test started-at="2022-12-20T15:21:43 IST" name="Tripadvisor Test" finished-at="2022-12-20T15:23:25 IST" duration-ms="102417">
      <class name="in.tripadvisor.tripadvisorReview">
        <test-method is-config="true" signature="setup()[pri:0, instance:in.tripadvisor.tripadvisorReview@2e005c4b]" started-at="2022-12-20T15:21:43 IST" name="setup" finished-at="2022-12-20T15:22:10 IST" duration-ms="27012" status="PASS">
          <reporter-output>
          </reporter-output>
        </test-method> <!-- setup -->
        <test-method signature="mainTest()[pri:0, instance:in.tripadvisor.tripadvisorReview@2e005c4b]" started-at="2022-12-20T15:22:10 IST" name="mainTest" finished-at="2022-12-20T15:23:25 IST" duration-ms="74972" status="PASS">
          <reporter-output>
          </reporter-output>
        </test-method> <!-- mainTest -->
        <test-method is-config="true" signature="tearDown()[pri:0, instance:in.tripadvisor.tripadvisorReview@2e005c4b]" started-at="2022-12-20T15:23:25 IST" name="tearDown" finished-at="2022-12-20T15:23:25 IST" duration-ms="1" status="PASS">
          <reporter-output>
          </reporter-output>
        </test-method> <!-- tearDown -->
      </class> <!-- in.tripadvisor.tripadvisorReview -->
    </test> <!-- Tripadvisor Test -->
  </suite> <!-- Suite -->
</testng-results>
