<?xml version="1.0" encoding="UTF-8"?>
<testng-results ignored="0" total="1" passed="1" failed="0" skipped="0">
  <reporter-output>
  </reporter-output>
  <suite started-at="2022-12-20T14:20:03 IST" name="Default suite" finished-at="2022-12-20T14:24:16 IST" duration-ms="252999">
    <groups>
    </groups>
    <test started-at="2022-12-20T14:20:03 IST" name="Default test" finished-at="2022-12-20T14:24:16 IST" duration-ms="252999">
      <class name="in.tripadvisor.tripadvisorReview">
        <test-method is-config="true" signature="setup()[pri:0, instance:in.tripadvisor.tripadvisorReview@1ed4ae0f]" started-at="2022-12-20T14:20:03 IST" name="setup" finished-at="2022-12-20T14:20:24 IST" duration-ms="20649" status="PASS">
          <reporter-output>
          </reporter-output>
        </test-method> <!-- setup -->
        <test-method signature="mainTest()[pri:0, instance:in.tripadvisor.tripadvisorReview@1ed4ae0f]" started-at="2022-12-20T14:20:24 IST" name="mainTest" finished-at="2022-12-20T14:24:16 IST" duration-ms="232109" status="PASS">
          <reporter-output>
          </reporter-output>
        </test-method> <!-- mainTest -->
        <test-method is-config="true" signature="tearDown()[pri:0, instance:in.tripadvisor.tripadvisorReview@1ed4ae0f]" started-at="2022-12-20T14:24:16 IST" name="tearDown" finished-at="2022-12-20T14:24:16 IST" duration-ms="1" status="PASS">
          <reporter-output>
          </reporter-output>
        </test-method> <!-- tearDown -->
      </class> <!-- in.tripadvisor.tripadvisorReview -->
    </test> <!-- Default test -->
  </suite> <!-- Default suite -->
</testng-results>
